<?xml version="1.0" encoding="UTF-8"?>
<testng-results skipped="0" failed="0" ignored="0" total="1" passed="1">
  <reporter-output>
  </reporter-output>
  <suite name="Default suite" duration-ms="10711" started-at="2021-11-29T13:23:17Z" finished-at="2021-11-29T13:23:28Z">
    <groups>
    </groups>
    <test name="Default test" duration-ms="10711" started-at="2021-11-29T13:23:17Z" finished-at="2021-11-29T13:23:28Z">
      <class name="org.testNG.softAssert">
        <test-method status="PASS" signature="launchingChrome()[pri:0, instance:org.testNG.softAssert@4566e5bd]" name="launchingChrome" is-config="true" duration-ms="3744" started-at="2021-11-29T13:23:17Z" finished-at="2021-11-29T13:23:21Z">
          <reporter-output>
          </reporter-output>
        </test-method> <!-- launchingChrome -->
        <test-method status="PASS" signature="startTime()[pri:0, instance:org.testNG.softAssert@4566e5bd]" name="startTime" is-config="true" duration-ms="0" started-at="2021-11-29T13:23:21Z" finished-at="2021-11-29T13:23:21Z">
          <reporter-output>
          </reporter-output>
        </test-method> <!-- startTime -->
        <test-method status="PASS" signature="tc1()[pri:0, instance:org.testNG.softAssert@4566e5bd]" name="tc1" duration-ms="2766" started-at="2021-11-29T13:23:21Z" finished-at="2021-11-29T13:23:23Z">
          <reporter-output>
          </reporter-output>
        </test-method> <!-- tc1 -->
        <test-method status="PASS" signature="endTime()[pri:0, instance:org.testNG.softAssert@4566e5bd]" name="endTime" is-config="true" duration-ms="0" started-at="2021-11-29T13:23:23Z" finished-at="2021-11-29T13:23:23Z">
          <reporter-output>
          </reporter-output>
        </test-method> <!-- endTime -->
        <test-method status="PASS" signature="closingChrome()[pri:0, instance:org.testNG.softAssert@4566e5bd]" name="closingChrome" is-config="true" duration-ms="4179" started-at="2021-11-29T13:23:23Z" finished-at="2021-11-29T13:23:28Z">
          <reporter-output>
          </reporter-output>
        </test-method> <!-- closingChrome -->
      </class> <!-- org.testNG.softAssert -->
    </test> <!-- Default test -->
  </suite> <!-- Default suite -->
</testng-results>
